[2017-04-08 21:50:43]: Peer [1002] is connected from Peer [1001].
[2017-04-08 21:51:02]: Peer [1002] makes a connection to Peer [1003].
[2017-04-08 21:51:02]: Peer [1002] makes a connection to Peer [1001].
[2017-04-08 21:51:02]: Peer [1002] makes a connection to Peer [1003].
[2017-04-08 21:51:02]: Peer [1002] is connected from Peer [1003].
[2017-04-08 21:51:02]: Peer [1002] is connected from Peer [1001].
[2017-04-08 21:51:02]: Peer [1002] received the 'not interested' message from [1001].
[2017-04-08 21:51:02]: Peer [1002] received the 'not interested' message from [1003].
[2017-04-08 21:51:07]: Peer [1002] is unchoked by Peer [1001].
[2017-04-08 21:51:07]: Peer [1002] is unchoked by Peer [1003].
[2017-04-08 21:51:07]: Peer [1002] has the preferred neighbors [1001, 1003].
[2017-04-08 21:51:07]: Peer [1002] is unchoked by Peer [1001].
[2017-04-08 21:51:07]: Peer [1002] is unchoked by Peer [1003].
[2017-04-08 21:51:07]: Peer [1002] received the 'not interested' message from [1003].
[2017-04-08 21:51:07]: Peer [1002] received the 'not interested' message from [1001].
[2017-04-08 21:51:07]: Peer [1002] has downloaded the piece [28] from [1001].
[2017-04-08 21:51:07]: Peer [1002] has downloaded the piece [24] from [1001].
[2017-04-08 21:51:07]: Peer [1002] received the 'have' message from [1003] for the piece [40].
[2017-04-08 21:51:07]: Peer [1002] received the 'interested' message from [1003].
[2017-04-08 21:51:07]: Peer [1002] received the 'not interested' message from [1001].
[2017-04-08 21:51:07]: Peer [1002] has downloaded the piece [32] from [1001].
[2017-04-08 21:51:07]: Peer [1002] received the 'not interested' message from [1001].
[2017-04-08 21:51:07]: Peer [1002] received the 'have' message from [1003] for the piece [60].
[2017-04-08 21:51:07]: Peer [1002] received the 'interested' message from [1003].
[2017-04-08 21:51:07]: Peer [1002] has downloaded the piece [69] from [1001].
[2017-04-08 21:51:07]: Peer [1002] received the 'not interested' message from [1001].
[2017-04-08 21:51:07]: Peer [1002] received the 'have' message from [1003] for the piece [55].
[2017-04-08 21:51:07]: Peer [1002] received the 'interested' message from [1003].
[2017-04-08 21:51:07]: Peer [1002] has downloaded the piece [67] from [1001].
[2017-04-08 21:51:07]: Peer [1002] received the 'have' message from [1003] for the piece [82].
[2017-04-08 21:51:07]: Peer [1002] received the 'interested' message from [1003].
[2017-04-08 21:51:07]: Peer [1002] received the 'not interested' message from [1001].
[2017-04-08 21:51:07]: Peer [1002] has downloaded the piece [7] from [1001].
[2017-04-08 21:51:07]: Peer [1002] received the 'not interested' message from [1001].
[2017-04-08 21:51:07]: Peer [1002] received the 'have' message from [1003] for the piece [31].
[2017-04-08 21:51:07]: Peer [1002] received the 'interested' message from [1003].
[2017-04-08 21:51:07]: Peer [1002] has downloaded the piece [0] from [1001].
[2017-04-08 21:51:07]: Peer [1002] received the 'have' message from [1003] for the piece [6].
[2017-04-08 21:51:07]: Peer [1002] received the 'interested' message from [1003].
[2017-04-08 21:51:07]: Peer [1002] received the 'not interested' message from [1001].
[2017-04-08 21:51:07]: Peer [1002] has downloaded the piece [65] from [1001].
[2017-04-08 21:51:07]: Peer [1002] received the 'not interested' message from [1001].
[2017-04-08 21:51:07]: Peer [1002] received the 'have' message from [1003] for the piece [80].
[2017-04-08 21:51:07]: Peer [1002] received the 'interested' message from [1003].
[2017-04-08 21:51:07]: Peer [1002] has downloaded the piece [53] from [1001].
[2017-04-08 21:51:07]: Peer [1002] received the 'have' message from [1003] for the piece [16].
[2017-04-08 21:51:07]: Peer [1002] received the 'interested' message from [1003].
[2017-04-08 21:51:07]: Peer [1002] received the 'not interested' message from [1001].
[2017-04-08 21:51:07]: Peer [1002] has downloaded the piece [16] from [1001].
[2017-04-08 21:51:07]: Peer [1002] received the 'not interested' message from [1001].
[2017-04-08 21:51:08]: Peer [1002] received the 'have' message from [1003] for the piece [75].
[2017-04-08 21:51:08]: Peer [1002] received the 'interested' message from [1003].
[2017-04-08 21:51:08]: Peer [1002] has downloaded the piece [77] from [1001].
[2017-04-08 21:51:08]: Peer [1002] received the 'have' message from [1003] for the piece [63].
[2017-04-08 21:51:08]: Peer [1002] received the 'not interested' message from [1003].
[2017-04-08 21:51:08]: Peer [1002] received the 'not interested' message from [1001].
[2017-04-08 21:51:08]: Peer [1002] has downloaded the piece [59] from [1001].
[2017-04-08 21:51:08]: Peer [1002] received the 'not interested' message from [1001].
[2017-04-08 21:51:08]: Peer [1002] received the 'have' message from [1003] for the piece [54].
[2017-04-08 21:51:08]: Peer [1002] received the 'interested' message from [1003].
[2017-04-08 21:51:08]: Peer [1002] has downloaded the piece [29] from [1001].
[2017-04-08 21:51:08]: Peer [1002] received the 'have' message from [1003] for the piece [71].
[2017-04-08 21:51:08]: Peer [1002] received the 'interested' message from [1003].
[2017-04-08 21:51:08]: Peer [1002] received the 'not interested' message from [1001].
[2017-04-08 21:51:08]: Peer [1002] has downloaded the piece [66] from [1001].
[2017-04-08 21:51:08]: Peer [1002] received the 'not interested' message from [1001].
[2017-04-08 21:51:08]: Peer [1002] received the 'have' message from [1003] for the piece [25].
[2017-04-08 21:51:08]: Peer [1002] received the 'interested' message from [1003].
[2017-04-08 21:51:08]: Peer [1002] has downloaded the piece [1] from [1001].
[2017-04-08 21:51:08]: Peer [1002] received the 'have' message from [1003] for the piece [65].
[2017-04-08 21:51:08]: Peer [1002] received the 'interested' message from [1003].
[2017-04-08 21:51:08]: Peer [1002] received the 'not interested' message from [1001].
[2017-04-08 21:51:08]: Peer [1002] has downloaded the piece [42] from [1001].
[2017-04-08 21:51:08]: Peer [1002] received the 'not interested' message from [1001].
[2017-04-08 21:51:08]: Peer [1002] received the 'have' message from [1003] for the piece [50].
[2017-04-08 21:51:08]: Peer [1002] received the 'interested' message from [1003].
[2017-04-08 21:51:08]: Peer [1002] has downloaded the piece [13] from [1001].
[2017-04-08 21:51:08]: Peer [1002] received the 'not interested' message from [1001].
[2017-04-08 21:51:08]: Peer [1002] received the 'have' message from [1003] for the piece [3].
[2017-04-08 21:51:08]: Peer [1002] received the 'interested' message from [1003].
[2017-04-08 21:51:08]: Peer [1002] has downloaded the piece [41] from [1001].
[2017-04-08 21:51:08]: Peer [1002] received the 'have' message from [1003] for the piece [45].
[2017-04-08 21:51:08]: Peer [1002] received the 'interested' message from [1003].
[2017-04-08 21:51:08]: Peer [1002] received the 'not interested' message from [1001].
[2017-04-08 21:51:08]: Peer [1002] has downloaded the piece [21] from [1001].
[2017-04-08 21:51:08]: Peer [1002] received the 'not interested' message from [1001].
[2017-04-08 21:51:08]: Peer [1002] received the 'have' message from [1003] for the piece [2].
[2017-04-08 21:51:08]: Peer [1002] received the 'interested' message from [1003].
[2017-04-08 21:51:08]: Peer [1002] has downloaded the piece [11] from [1001].
[2017-04-08 21:51:08]: Peer [1002] received the 'not interested' message from [1001].
[2017-04-08 21:51:08]: Peer [1002] received the 'have' message from [1003] for the piece [78].
[2017-04-08 21:51:08]: Peer [1002] received the 'interested' message from [1003].
[2017-04-08 21:51:08]: Peer [1002] has downloaded the piece [52] from [1001].
[2017-04-08 21:51:08]: Peer [1002] received the 'not interested' message from [1001].
[2017-04-08 21:51:08]: Peer [1002] received the 'have' message from [1003] for the piece [11].
[2017-04-08 21:51:08]: Peer [1002] received the 'not interested' message from [1003].
[2017-04-08 21:51:08]: Peer [1002] has downloaded the piece [12] from [1001].
[2017-04-08 21:51:08]: Peer [1002] received the 'not interested' message from [1001].
[2017-04-08 21:51:08]: Peer [1002] received the 'have' message from [1003] for the piece [57].
[2017-04-08 21:51:08]: Peer [1002] received the 'interested' message from [1003].
[2017-04-08 21:51:08]: Peer [1002] has downloaded the piece [70] from [1001].
[2017-04-08 21:51:08]: Peer [1002] received the 'not interested' message from [1001].
[2017-04-08 21:51:08]: Peer [1002] received the 'have' message from [1003] for the piece [77].
[2017-04-08 21:51:08]: Peer [1002] received the 'interested' message from [1003].
[2017-04-08 21:51:08]: Peer [1002] has downloaded the piece [75] from [1001].
[2017-04-08 21:51:08]: Peer [1002] received the 'not interested' message from [1001].
[2017-04-08 21:51:08]: Peer [1002] received the 'have' message from [1003] for the piece [12].
[2017-04-08 21:51:08]: Peer [1002] received the 'interested' message from [1003].
[2017-04-08 21:51:08]: Peer [1002] has downloaded the piece [74] from [1001].
[2017-04-08 21:51:08]: Peer [1002] received the 'not interested' message from [1001].
[2017-04-08 21:51:08]: Peer [1002] received the 'have' message from [1003] for the piece [66].
[2017-04-08 21:51:08]: Peer [1002] received the 'not interested' message from [1003].
[2017-04-08 21:51:08]: Peer [1002] has downloaded the piece [47] from [1001].
[2017-04-08 21:51:08]: Peer [1002] received the 'not interested' message from [1001].
[2017-04-08 21:51:08]: Peer [1002] received the 'have' message from [1003] for the piece [51].
[2017-04-08 21:51:08]: Peer [1002] received the 'interested' message from [1003].
[2017-04-08 21:51:08]: Peer [1002] received the 'have' message from [1003] for the piece [19].
[2017-04-08 21:51:08]: Peer [1002] received the 'interested' message from [1003].
[2017-04-08 21:51:08]: Peer [1002] has downloaded the piece [36] from [1001].
[2017-04-08 21:51:08]: Peer [1002] received the 'not interested' message from [1001].
[2017-04-08 21:51:08]: Peer [1002] received the 'have' message from [1003] for the piece [67].
[2017-04-08 21:51:08]: Peer [1002] has downloaded the piece [78] from [1001].
[2017-04-08 21:51:08]: Peer [1002] received the 'have' message from [1003] for the piece [83].
[2017-04-08 21:51:08]: Peer [1002] received the 'have' message from [1003] for the piece [7].
[2017-04-08 21:51:08]: Peer [1002] received the 'interested' message from [1003].
[2017-04-08 21:51:09]: Peer [1002] received the 'not interested' message from [1001].
[2017-04-08 21:51:09]: Peer [1002] received the 'have' message from [1003] for the piece [79].
[2017-04-08 21:51:09]: Peer [1002] received the 'not interested' message from [1003].
[2017-04-08 21:51:09]: Peer [1002] has downloaded the piece [2] from [1001].
[2017-04-08 21:51:09]: Peer [1002] received the 'not interested' message from [1001].
[2017-04-08 21:51:09]: Peer [1002] received the 'have' message from [1003] for the piece [29].
[2017-04-08 21:51:09]: Peer [1002] has downloaded the piece [85] from [1001].
[2017-04-08 21:51:09]: Peer [1002] received the 'not interested' message from [1001].
[2017-04-08 21:51:09]: Peer [1002] received the 'have' message from [1003] for the piece [46].
[2017-04-08 21:51:09]: Peer [1002] received the 'not interested' message from [1003].
[2017-04-08 21:51:09]: Peer [1002] has downloaded the piece [76] from [1001].
[2017-04-08 21:51:09]: Peer [1002] received the 'not interested' message from [1001].
[2017-04-08 21:51:09]: Peer [1002] received the 'have' message from [1003] for the piece [61].
[2017-04-08 21:51:09]: Peer [1002] received the 'interested' message from [1003].
[2017-04-08 21:51:09]: Peer [1002] has downloaded the piece [23] from [1001].
[2017-04-08 21:51:09]: Peer [1002] received the 'not interested' message from [1001].
[2017-04-08 21:51:09]: Peer [1002] received the 'have' message from [1003] for the piece [4].
[2017-04-08 21:51:09]: Peer [1002] received the 'interested' message from [1003].
[2017-04-08 21:51:09]: Peer [1002] has downloaded the piece [50] from [1001].
[2017-04-08 21:51:09]: Peer [1002] received the 'not interested' message from [1001].
[2017-04-08 21:51:09]: Peer [1002] received the 'have' message from [1003] for the piece [21].
[2017-04-08 21:51:09]: Peer [1002] received the 'interested' message from [1003].
[2017-04-08 21:51:09]: Peer [1002] has downloaded the piece [62] from [1001].
[2017-04-08 21:51:09]: Peer [1002] received the 'not interested' message from [1001].
[2017-04-08 21:51:09]: Peer [1002] received the 'not interested' message from [1003].
[2017-04-08 21:51:09]: Peer [1002] received the 'have' message from [1003] for the piece [32].
[2017-04-08 21:51:09]: Peer [1002] has downloaded the piece [79] from [1001].
[2017-04-08 21:51:09]: Peer [1002] received the 'not interested' message from [1001].
[2017-04-08 21:51:09]: Peer [1002] received the 'interested' message from [1003].
[2017-04-08 21:51:09]: Peer [1002] received the 'have' message from [1003] for the piece [70].
[2017-04-08 21:51:09]: Peer [1002] has downloaded the piece [48] from [1001].
[2017-04-08 21:51:09]: Peer [1002] received the 'not interested' message from [1001].
[2017-04-08 21:51:09]: Peer [1002] received the 'not interested' message from [1003].
[2017-04-08 21:51:09]: Peer [1002] received the 'have' message from [1003] for the piece [10].
[2017-04-08 21:51:09]: Peer [1002] has downloaded the piece [80] from [1001].
[2017-04-08 21:51:09]: Peer [1002] received the 'interested' message from [1003].
[2017-04-08 21:51:09]: Peer [1002] received the 'have' message from [1003] for the piece [84].
[2017-04-08 21:51:09]: Peer [1002] received the 'not interested' message from [1001].
[2017-04-08 21:51:09]: Peer [1002] has downloaded the piece [54] from [1001].
[2017-04-08 21:51:09]: Peer [1002] received the 'not interested' message from [1001].
[2017-04-08 21:51:09]: Peer [1002] received the 'not interested' message from [1003].
[2017-04-08 21:51:09]: Peer [1002] has downloaded the piece [46] from [1001].
[2017-04-08 21:51:09]: Peer [1002] received the 'have' message from [1003] for the piece [59].
[2017-04-08 21:51:09]: Peer [1002] received the 'not interested' message from [1003].
[2017-04-08 21:51:09]: Peer [1002] received the 'not interested' message from [1001].
[2017-04-08 21:51:09]: Peer [1002] has downloaded the piece [68] from [1001].
[2017-04-08 21:51:09]: Peer [1002] received the 'not interested' message from [1001].
[2017-04-08 21:51:09]: Peer [1002] received the 'have' message from [1003] for the piece [34].
[2017-04-08 21:51:09]: Peer [1002] received the 'not interested' message from [1003].
[2017-04-08 21:51:09]: Peer [1002] has downloaded the piece [71] from [1001].
[2017-04-08 21:51:09]: Peer [1002] received the 'have' message from [1003] for the piece [23].
[2017-04-08 21:51:09]: Peer [1002] received the 'interested' message from [1003].
[2017-04-08 21:51:09]: Peer [1002] received the 'not interested' message from [1001].
[2017-04-08 21:51:09]: Peer [1002] has downloaded the piece [3] from [1001].
[2017-04-08 21:51:09]: Peer [1002] received the 'not interested' message from [1001].
[2017-04-08 21:51:09]: Peer [1002] received the 'have' message from [1003] for the piece [56].
[2017-04-08 21:51:09]: Peer [1002] received the 'not interested' message from [1003].
[2017-04-08 21:51:09]: Peer [1002] has downloaded the piece [51] from [1001].
[2017-04-08 21:51:09]: Peer [1002] received the 'have' message from [1003] for the piece [13].
[2017-04-08 21:51:09]: Peer [1002] received the 'not interested' message from [1003].
[2017-04-08 21:51:09]: Peer [1002] received the 'not interested' message from [1001].
[2017-04-08 21:51:09]: Peer [1002] has downloaded the piece [25] from [1001].
[2017-04-08 21:51:09]: Peer [1002] received the 'not interested' message from [1001].
[2017-04-08 21:51:09]: Peer [1002] received the 'have' message from [1003] for the piece [37].
[2017-04-08 21:51:09]: Peer [1002] received the 'not interested' message from [1003].
[2017-04-08 21:51:09]: Peer [1002] received the 'have' message from [1003] for the piece [72].
[2017-04-08 21:51:09]: Peer [1002] has downloaded the piece [26] from [1001].
[2017-04-08 21:51:09]: Peer [1002] received the 'not interested' message from [1003].
[2017-04-08 21:51:09]: Peer [1002] received the 'not interested' message from [1001].
[2017-04-08 21:51:09]: Peer [1002] received the 'have' message from [1003] for the piece [52].
[2017-04-08 21:51:09]: Peer [1002] has downloaded the piece [43] from [1001].
[2017-04-08 21:51:09]: Peer [1002] received the 'not interested' message from [1001].
[2017-04-08 21:51:09]: Peer [1002] received the 'have' message from [1003] for the piece [53].
[2017-04-08 21:51:09]: Peer [1002] received the 'interested' message from [1003].
[2017-04-08 21:51:09]: Peer [1002] has downloaded the piece [82] from [1001].
[2017-04-08 21:51:10]: Peer [1002] received the 'have' message from [1003] for the piece [33].
[2017-04-08 21:51:10]: Peer [1002] received the 'interested' message from [1003].
[2017-04-08 21:51:10]: Peer [1002] received the 'not interested' message from [1001].
[2017-04-08 21:51:10]: Peer [1002] has downloaded the piece [4] from [1001].
[2017-04-08 21:51:10]: Peer [1002] received the 'not interested' message from [1001].
[2017-04-08 21:51:10]: Peer [1002] received the 'have' message from [1003] for the piece [5].
[2017-04-08 21:51:10]: Peer [1002] received the 'not interested' message from [1003].
[2017-04-08 21:51:10]: Peer [1002] has downloaded the piece [44] from [1001].
[2017-04-08 21:51:10]: Peer [1002] received the 'have' message from [1003] for the piece [24].
[2017-04-08 21:51:10]: Peer [1002] received the 'not interested' message from [1003].
[2017-04-08 21:51:10]: Peer [1002] received the 'not interested' message from [1001].
[2017-04-08 21:51:10]: Peer [1002] has downloaded the piece [45] from [1001].
[2017-04-08 21:51:10]: Peer [1002] received the 'not interested' message from [1001].
[2017-04-08 21:51:10]: Peer [1002] received the 'have' message from [1003] for the piece [62].
[2017-04-08 21:51:10]: Peer [1002] received the 'interested' message from [1003].
[2017-04-08 21:51:10]: Peer [1002] has downloaded the piece [5] from [1001].
[2017-04-08 21:51:10]: Peer [1002] received the 'not interested' message from [1003].
[2017-04-08 21:51:10]: Peer [1002] received the 'not interested' message from [1001].
[2017-04-08 21:51:10]: Peer [1002] has downloaded the piece [61] from [1001].
[2017-04-08 21:51:10]: Peer [1002] received the 'not interested' message from [1001].
[2017-04-08 21:51:10]: Peer [1002] received the 'have' message from [1003] for the piece [81].
[2017-04-08 21:51:10]: Peer [1002] received the 'not interested' message from [1003].
[2017-04-08 21:51:10]: Peer [1002] has downloaded the piece [55] from [1001].
[2017-04-08 21:51:10]: Peer [1002] received the 'have' message from [1003] for the piece [85].
[2017-04-08 21:51:10]: Peer [1002] received the 'not interested' message from [1003].
[2017-04-08 21:51:10]: Peer [1002] received the 'not interested' message from [1001].
[2017-04-08 21:51:10]: Peer [1002] has downloaded the piece [37] from [1001].
[2017-04-08 21:51:10]: Peer [1002] received the 'not interested' message from [1001].
[2017-04-08 21:51:10]: Peer [1002] received the 'have' message from [1003] for the piece [35].
[2017-04-08 21:51:10]: Peer [1002] received the 'not interested' message from [1003].
[2017-04-08 21:51:10]: Peer [1002] has downloaded the piece [81] from [1001].
[2017-04-08 21:51:10]: Peer [1002] received the 'have' message from [1003] for the piece [47].
[2017-04-08 21:51:10]: Peer [1002] received the 'not interested' message from [1003].
[2017-04-08 21:51:10]: Peer [1002] received the 'not interested' message from [1001].
[2017-04-08 21:51:10]: Peer [1002] has downloaded the piece [56] from [1001].
[2017-04-08 21:51:10]: Peer [1002] received the 'not interested' message from [1001].
[2017-04-08 21:51:10]: Peer [1002] received the 'have' message from [1003] for the piece [36].
[2017-04-08 21:51:10]: Peer [1002] received the 'not interested' message from [1003].
[2017-04-08 21:51:10]: Peer [1002] has downloaded the piece [6] from [1001].
[2017-04-08 21:51:10]: Peer [1002] received the 'have' message from [1003] for the piece [44].
[2017-04-08 21:51:10]: Peer [1002] received the 'not interested' message from [1003].
[2017-04-08 21:51:10]: Peer [1002] received the 'not interested' message from [1001].
[2017-04-08 21:51:10]: Peer [1002] has downloaded the piece [83] from [1001].
[2017-04-08 21:51:10]: Peer [1002] received the 'not interested' message from [1001].
[2017-04-08 21:51:10]: Peer [1002] received the 'have' message from [1003] for the piece [0].
[2017-04-08 21:51:10]: Peer [1002] received the 'not interested' message from [1003].
[2017-04-08 21:51:10]: Peer [1002] has downloaded the piece [72] from [1001].
[2017-04-08 21:51:10]: Peer [1002] received the 'have' message from [1003] for the piece [9].
[2017-04-08 21:51:10]: Peer [1002] received the 'not interested' message from [1003].
[2017-04-08 21:51:10]: Peer [1002] received the 'not interested' message from [1001].
[2017-04-08 21:51:10]: Peer [1002] has downloaded the piece [34] from [1001].
[2017-04-08 21:51:10]: Peer [1002] received the 'not interested' message from [1001].
[2017-04-08 21:51:10]: Peer [1002] received the 'have' message from [1003] for the piece [58].
[2017-04-08 21:51:10]: Peer [1002] received the 'not interested' message from [1003].
[2017-04-08 21:51:10]: Peer [1002] has downloaded the piece [84] from [1001].
[2017-04-08 21:51:10]: Peer [1002] received the 'have' message from [1003] for the piece [1].
[2017-04-08 21:51:10]: Peer [1002] received the 'not interested' message from [1003].
[2017-04-08 21:51:10]: Peer [1002] received the 'not interested' message from [1001].
[2017-04-08 21:51:10]: Peer [1002] has downloaded the piece [57] from [1001].
[2017-04-08 21:51:10]: Peer [1002] received the 'not interested' message from [1001].
[2017-04-08 21:51:10]: Peer [1002] received the 'have' message from [1003] for the piece [8].
[2017-04-08 21:51:10]: Peer [1002] received the 'not interested' message from [1003].
[2017-04-08 21:51:10]: Peer [1002] has downloaded the piece [73] from [1001].
[2017-04-08 21:51:10]: Peer [1002] received the 'have' message from [1003] for the piece [14].
[2017-04-08 21:51:10]: Peer [1002] received the 'not interested' message from [1003].
[2017-04-08 21:51:10]: Peer [1002] received the 'not interested' message from [1001].
[2017-04-08 21:51:10]: Peer [1002] has downloaded the piece [60] from [1001].
[2017-04-08 21:51:10]: Peer [1002] received the 'not interested' message from [1001].
[2017-04-08 21:51:10]: Peer [1002] received the 'have' message from [1003] for the piece [15].
[2017-04-08 21:51:10]: Peer [1002] received the 'interested' message from [1003].
[2017-04-08 21:51:10]: Peer [1002] has downloaded the piece [30] from [1001].
[2017-04-08 21:51:10]: Peer [1002] received the 'have' message from [1003] for the piece [38].
[2017-04-08 21:51:10]: Peer [1002] received the 'not interested' message from [1003].
[2017-04-08 21:51:10]: Peer [1002] received the 'not interested' message from [1001].
[2017-04-08 21:51:10]: Peer [1002] has downloaded the piece [31] from [1001].
[2017-04-08 21:51:10]: Peer [1002] received the 'not interested' message from [1001].
[2017-04-08 21:51:10]: Peer [1002] received the 'have' message from [1003] for the piece [17].
[2017-04-08 21:51:10]: Peer [1002] received the 'interested' message from [1003].
[2017-04-08 21:51:10]: Peer [1002] has downloaded the piece [33] from [1001].
[2017-04-08 21:51:11]: Peer [1002] received the 'have' message from [1003] for the piece [18].
[2017-04-08 21:51:11]: Peer [1002] received the 'not interested' message from [1003].
[2017-04-08 21:51:11]: Peer [1002] received the 'not interested' message from [1001].
[2017-04-08 21:51:11]: Peer [1002] has downloaded the piece [14] from [1001].
[2017-04-08 21:51:11]: Peer [1002] received the 'not interested' message from [1001].
[2017-04-08 21:51:11]: Peer [1002] received the 'have' message from [1003] for the piece [48].
[2017-04-08 21:51:11]: Peer [1002] received the 'not interested' message from [1003].
[2017-04-08 21:51:11]: Peer [1002] has downloaded the piece [8] from [1001].
[2017-04-08 21:51:11]: Peer [1002] received the 'have' message from [1003] for the piece [20].
[2017-04-08 21:51:11]: Peer [1002] received the 'not interested' message from [1003].
[2017-04-08 21:51:11]: Peer [1002] received the 'not interested' message from [1001].
[2017-04-08 21:51:11]: Peer [1002] has downloaded the piece [22] from [1001].
[2017-04-08 21:51:11]: Peer [1002] received the 'not interested' message from [1001].
[2017-04-08 21:51:11]: Peer [1002] received the 'have' message from [1003] for the piece [22].
[2017-04-08 21:51:11]: Peer [1002] received the 'not interested' message from [1003].
[2017-04-08 21:51:11]: Peer [1002] has downloaded the piece [9] from [1001].
[2017-04-08 21:51:11]: Peer [1002] received the 'have' message from [1003] for the piece [64].
[2017-04-08 21:51:11]: Peer [1002] received the 'not interested' message from [1003].
[2017-04-08 21:51:11]: Peer [1002] received the 'not interested' message from [1001].
[2017-04-08 21:51:11]: Peer [1002] has downloaded the piece [58] from [1001].
[2017-04-08 21:51:11]: Peer [1002] received the 'not interested' message from [1001].
[2017-04-08 21:51:11]: Peer [1002] received the 'have' message from [1003] for the piece [26].
[2017-04-08 21:51:11]: Peer [1002] received the 'not interested' message from [1003].
[2017-04-08 21:51:11]: Peer [1002] has downloaded the piece [38] from [1001].
[2017-04-08 21:51:11]: Peer [1002] received the 'have' message from [1003] for the piece [73].
[2017-04-08 21:51:11]: Peer [1002] received the 'not interested' message from [1003].
[2017-04-08 21:51:11]: Peer [1002] received the 'not interested' message from [1001].
[2017-04-08 21:51:11]: Peer [1002] has downloaded the piece [35] from [1001].
[2017-04-08 21:51:11]: Peer [1002] received the 'not interested' message from [1001].
[2017-04-08 21:51:11]: Peer [1002] received the 'have' message from [1003] for the piece [27].
[2017-04-08 21:51:11]: Peer [1002] received the 'not interested' message from [1003].
[2017-04-08 21:51:11]: Peer [1002] has downloaded the piece [39] from [1001].
[2017-04-08 21:51:11]: Peer [1002] received the 'have' message from [1003] for the piece [49].
[2017-04-08 21:51:11]: Peer [1002] received the 'not interested' message from [1003].
[2017-04-08 21:51:11]: Peer [1002] received the 'not interested' message from [1001].
[2017-04-08 21:51:11]: Peer [1002] has downloaded the piece [15] from [1001].
[2017-04-08 21:51:11]: Peer [1002] received the 'not interested' message from [1001].
[2017-04-08 21:51:11]: Peer [1002] received the 'have' message from [1003] for the piece [39].
[2017-04-08 21:51:11]: Peer [1002] received the 'not interested' message from [1003].
[2017-04-08 21:51:11]: Peer [1002] has downloaded the piece [40] from [1001].
[2017-04-08 21:51:11]: Peer [1002] received the 'have' message from [1003] for the piece [28].
[2017-04-08 21:51:11]: Peer [1002] received the 'not interested' message from [1003].
[2017-04-08 21:51:11]: Peer [1002] received the 'not interested' message from [1001].
[2017-04-08 21:51:11]: Peer [1002] has downloaded the piece [10] from [1001].
[2017-04-08 21:51:11]: Peer [1002] received the 'not interested' message from [1001].
[2017-04-08 21:51:11]: Peer [1002] received the 'have' message from [1003] for the piece [30].
[2017-04-08 21:51:11]: Peer [1002] received the 'not interested' message from [1003].
[2017-04-08 21:51:11]: Peer [1002] has downloaded the piece [17] from [1001].
[2017-04-08 21:51:11]: Peer [1002] received the 'have' message from [1003] for the piece [41].
[2017-04-08 21:51:11]: Peer [1002] received the 'not interested' message from [1003].
[2017-04-08 21:51:11]: Peer [1002] received the 'not interested' message from [1001].
[2017-04-08 21:51:11]: Peer [1002] has downloaded the piece [18] from [1001].
[2017-04-08 21:51:11]: Peer [1002] received the 'not interested' message from [1001].
[2017-04-08 21:51:11]: Peer [1002] received the 'have' message from [1003] for the piece [42].
[2017-04-08 21:51:11]: Peer [1002] received the 'not interested' message from [1003].
[2017-04-08 21:51:11]: Peer [1002] has downloaded the piece [19] from [1001].
[2017-04-08 21:51:11]: Peer [1002] received the 'have' message from [1003] for the piece [43].
[2017-04-08 21:51:11]: Peer [1002] received the 'not interested' message from [1003].
[2017-04-08 21:51:11]: Peer [1002] received the 'not interested' message from [1001].
[2017-04-08 21:51:11]: Peer [1002] has downloaded the piece [27] from [1001].
[2017-04-08 21:51:11]: Peer [1002] received the 'not interested' message from [1001].
[2017-04-08 21:51:11]: Peer [1002] received the 'have' message from [1003] for the piece [68].
[2017-04-08 21:51:11]: Peer [1002] received the 'not interested' message from [1003].
[2017-04-08 21:51:11]: Peer [1002] has downloaded the piece [63] from [1001].
[2017-04-08 21:51:11]: Peer [1002] received the 'have' message from [1003] for the piece [69].
[2017-04-08 21:51:11]: Peer [1002] received the 'not interested' message from [1003].
[2017-04-08 21:51:11]: Peer [1002] received the 'not interested' message from [1001].
[2017-04-08 21:51:11]: Peer [1002] has downloaded the piece [20] from [1001].
[2017-04-08 21:51:11]: Peer [1002] received the 'not interested' message from [1001].
[2017-04-08 21:51:11]: Peer [1002] received the 'have' message from [1003] for the piece [74].
[2017-04-08 21:51:11]: Peer [1002] received the 'not interested' message from [1003].
[2017-04-08 21:51:11]: Peer [1002] has downloaded the piece [64] from [1001].
[2017-04-08 21:51:11]: Peer [1002] received the 'have' message from [1003] for the piece [76].
[2017-04-08 21:51:11]: Peer [1002] received the 'not interested' message from [1003].
[2017-04-08 21:51:11]: Peer [1002] received the 'not interested' message from [1001].
[2017-04-08 21:51:11]: Peer [1002] has downloaded the piece [49] from [1001].
[2017-04-08 21:51:12]: Peer [1002] has downloaded the complete file.
