[2017-04-08 16:40:15]: Peer [1002] is connected from Peer [1001].
[2017-04-08 16:40:19]: Peer [1002] makes a connection to Peer [1003].
[2017-04-08 16:40:29]: Peer [1002] makes a connection to Peer [1004].
[2017-04-08 16:40:32]: Peer [1002] makes a connection to Peer [1005].
[2017-04-08 16:40:32]: Peer [1002] makes a connection to Peer [1001].
[2017-04-08 16:40:32]: Peer [1002] makes a connection to Peer [1005].
[2017-04-08 16:40:32]: Peer [1002] makes a connection to Peer [1004].
[2017-04-08 16:40:32]: Peer [1002] makes a connection to Peer [1003].
[2017-04-08 16:40:32]: Peer [1002] is connected from Peer [1005].
[2017-04-08 16:40:32]: Peer [1002] is connected from Peer [1001].
[2017-04-08 16:40:32]: Peer [1002] is connected from Peer [1003].
[2017-04-08 16:40:32]: Peer [1002] is connected from Peer [1004].
[2017-04-08 16:40:37]: Peer [1002] is unchoked by Peer [1001].
[2017-04-08 16:40:37]: Peer [1002] is unchoked by Peer [1003].
[2017-04-08 16:40:37]: Peer [1002] is choked by Peer [1004].
[2017-04-08 16:40:37]: Peer [1002] is choked by Peer [1005].
[2017-04-08 16:40:37]: Peer [1002] has the preferred neighbors [1001, 1003].
[2017-04-08 16:41:22]: Peer [1002] has the optimistically neighbor [1004].
[2017-04-08 16:41:22]: Peer [1002] is unchoked by Peer [1004].
[2017-04-08 16:42:12]: Peer [1002] has the optimistically neighbor [1005].
[2017-04-08 16:42:12]: Peer [1002] is unchoked by Peer [1005].
[2017-04-08 16:42:57]: Peer [1002] has downloaded the complete file.
